<?xml version="1.0" encoding="UTF-8"?>
<testng-results skipped="0" failed="1" total="2" passed="1">
  <reporter-output>
  </reporter-output>
  <suite name="Suite name : Smoke Test in Sahil classes" duration-ms="15524" started-at="2018-10-28T05:49:07Z" finished-at="2018-10-28T05:49:22Z">
    <groups>
    </groups>
    <test name="Test Name : My TestNG practices" duration-ms="15524" started-at="2018-10-28T05:49:07Z" finished-at="2018-10-28T05:49:22Z">
      <class name="com.test.Login">
        <test-method status="PASS" signature="initTestMethods()[pri:0, instance:com.test.Login@3fee9989]" name="initTestMethods" is-config="true" duration-ms="169" started-at="2018-10-28T11:19:06Z" finished-at="2018-10-28T11:19:07Z">
          <reporter-output>
          </reporter-output>
        </test-method> <!-- initTestMethods -->
        <test-method status="PASS" signature="launchBrowser(java.lang.String, java.lang.String, java.lang.reflect.Method)[pri:0, instance:com.test.Login@3fee9989]" name="launchBrowser" is-config="true" duration-ms="5689" started-at="2018-10-28T11:19:07Z" finished-at="2018-10-28T11:19:12Z">
          <params>
            <param index="0">
              <value>
                <![CDATA[chrome]]>
              </value>
            </param>
            <param index="1">
              <value>
                <![CDATA[QA]]>
              </value>
            </param>
            <param index="2">
              <value>
                <![CDATA[public void com.test.Login.testLogin()]]>
              </value>
            </param>
          </params>
          <reporter-output>
          </reporter-output>
        </test-method> <!-- launchBrowser -->
        <test-method status="PASS" signature="testLogin()[pri:0, instance:com.test.Login@3fee9989]" name="testLogin" duration-ms="243" started-at="2018-10-28T11:19:12Z" finished-at="2018-10-28T11:19:13Z">
          <reporter-output>
          </reporter-output>
        </test-method> <!-- testLogin -->
        <test-method status="PASS" signature="cleanUp()[pri:0, instance:com.test.Login@3fee9989]" name="cleanUp" is-config="true" duration-ms="2320" started-at="2018-10-28T11:19:13Z" finished-at="2018-10-28T11:19:15Z">
          <reporter-output>
          </reporter-output>
        </test-method> <!-- cleanUp -->
        <test-method status="PASS" signature="launchBrowser(java.lang.String, java.lang.String, java.lang.reflect.Method)[pri:0, instance:com.test.Login@3fee9989]" name="launchBrowser" is-config="true" duration-ms="4803" started-at="2018-10-28T11:19:15Z" finished-at="2018-10-28T11:19:20Z">
          <params>
            <param index="0">
              <value>
                <![CDATA[chrome]]>
              </value>
            </param>
            <param index="1">
              <value>
                <![CDATA[QA]]>
              </value>
            </param>
            <param index="2">
              <value>
                <![CDATA[public void com.test.Login.testLogin2()]]>
              </value>
            </param>
          </params>
          <reporter-output>
          </reporter-output>
        </test-method> <!-- launchBrowser -->
        <test-method status="FAIL" signature="testLogin2()[pri:0, instance:com.test.Login@3fee9989]" name="testLogin2" duration-ms="135" started-at="2018-10-28T11:19:20Z" finished-at="2018-10-28T11:19:20Z">
          <exception class="java.lang.AssertionError">
            <message>
              <![CDATA[Not Matched expected [true] but found [false]]]>
            </message>
            <full-stacktrace>
              <![CDATA[java.lang.AssertionError: Not Matched expected [true] but found [false]
	at org.testng.Assert.fail(Assert.java:94)
	at org.testng.Assert.failNotEquals(Assert.java:513)
	at org.testng.Assert.assertTrue(Assert.java:42)
	at com.test.BaseTemplate.verifyTest(BaseTemplate.java:94)
	at com.test.Login.testLogin2(Login.java:26)
	at sun.reflect.NativeMethodAccessorImpl.invoke0(Native Method)
	at sun.reflect.NativeMethodAccessorImpl.invoke(NativeMethodAccessorImpl.java:62)
	at sun.reflect.DelegatingMethodAccessorImpl.invoke(DelegatingMethodAccessorImpl.java:43)
	at java.lang.reflect.Method.invoke(Method.java:498)
	at org.testng.internal.MethodInvocationHelper.invokeMethod(MethodInvocationHelper.java:86)
	at org.testng.internal.Invoker.invokeMethod(Invoker.java:643)
	at org.testng.internal.Invoker.invokeTestMethod(Invoker.java:820)
	at org.testng.internal.Invoker.invokeTestMethods(Invoker.java:1128)
	at org.testng.internal.TestMethodWorker.invokeTestMethods(TestMethodWorker.java:129)
	at org.testng.internal.TestMethodWorker.run(TestMethodWorker.java:112)
	at org.testng.TestRunner.privateRun(TestRunner.java:782)
	at org.testng.TestRunner.run(TestRunner.java:632)
	at org.testng.SuiteRunner.runTest(SuiteRunner.java:366)
	at org.testng.SuiteRunner.runSequentially(SuiteRunner.java:361)
	at org.testng.SuiteRunner.privateRun(SuiteRunner.java:319)
	at org.testng.SuiteRunner.run(SuiteRunner.java:268)
	at org.testng.SuiteRunnerWorker.runSuite(SuiteRunnerWorker.java:52)
	at org.testng.SuiteRunnerWorker.run(SuiteRunnerWorker.java:86)
	at org.testng.TestNG.runSuitesSequentially(TestNG.java:1244)
	at org.testng.TestNG.runSuitesLocally(TestNG.java:1169)
	at org.testng.TestNG.run(TestNG.java:1064)
	at org.testng.remote.AbstractRemoteTestNG.run(AbstractRemoteTestNG.java:114)
	at org.testng.remote.RemoteTestNG.initAndRun(RemoteTestNG.java:251)
	at org.testng.remote.RemoteTestNG.main(RemoteTestNG.java:77)
]]>
            </full-stacktrace>
          </exception> <!-- java.lang.AssertionError -->
          <reporter-output>
          </reporter-output>
        </test-method> <!-- testLogin2 -->
        <test-method status="PASS" signature="cleanUp()[pri:0, instance:com.test.Login@3fee9989]" name="cleanUp" is-config="true" duration-ms="2319" started-at="2018-10-28T11:19:20Z" finished-at="2018-10-28T11:19:22Z">
          <reporter-output>
          </reporter-output>
        </test-method> <!-- cleanUp -->
        <test-method status="PASS" signature="cleanTestMethods()[pri:0, instance:com.test.Login@3fee9989]" name="cleanTestMethods" is-config="true" duration-ms="202" started-at="2018-10-28T11:19:22Z" finished-at="2018-10-28T11:19:22Z">
          <reporter-output>
          </reporter-output>
        </test-method> <!-- cleanTestMethods -->
      </class> <!-- com.test.Login -->
    </test> <!-- Test Name : My TestNG practices -->
  </suite> <!-- Suite name : Smoke Test in Sahil classes -->
</testng-results>
